[2025-04-22 16:25:23] This is codeql database create .\server --language=java --source-root=.\sources --build-mode=none
[2025-04-22 16:25:23] Log file was started late.
[2025-04-22 16:25:23] [PROGRESS] database create> Initializing database at D:\BaiduSyncdisk\ctf-challenges\1diot9\java-challenges\AliyunCTF\24\attachment\chain_17\server\server.
[2025-04-22 16:25:23] Running plumbing command: codeql database init --language=java --extractor-options-verbosity=1 --qlconfig-file=D:\BaiduSyncdisk\ctf-challenges\1diot9\java-challenges\AliyunCTF\24\attachment\chain_17\server\qlconfig.yml --build-mode=none --source-root=D:\BaiduSyncdisk\ctf-challenges\1diot9\java-challenges\AliyunCTF\24\attachment\chain_17\server\sources --allow-missing-source-root=false --allow-already-existing -- D:\BaiduSyncdisk\ctf-challenges\1diot9\java-challenges\AliyunCTF\24\attachment\chain_17\server\server
[2025-04-22 16:25:23] Calling plumbing command: codeql resolve languages --extractor-options-verbosity=1 --format=betterjson
[2025-04-22 16:25:23] [DETAILS] resolve languages> Scanning for [codeql-extractor.yml] from D:\CodeQL\codeql-cli-2.20.4\.codeqlmanifest.json
[2025-04-22 16:25:23] [DETAILS] resolve languages> Parsing D:\CodeQL\codeql-cli-2.20.4\actions\codeql-extractor.yml.
[2025-04-22 16:25:23] [DETAILS] resolve languages> Parsing D:\CodeQL\codeql-cli-2.20.4\cpp\codeql-extractor.yml.
[2025-04-22 16:25:23] [DETAILS] resolve languages> Parsing D:\CodeQL\codeql-cli-2.20.4\csharp\codeql-extractor.yml.
[2025-04-22 16:25:23] [DETAILS] resolve languages> Parsing D:\CodeQL\codeql-cli-2.20.4\csv\codeql-extractor.yml.
[2025-04-22 16:25:23] [DETAILS] resolve languages> Parsing D:\CodeQL\codeql-cli-2.20.4\go\codeql-extractor.yml.
[2025-04-22 16:25:23] [DETAILS] resolve languages> Parsing D:\CodeQL\codeql-cli-2.20.4\html\codeql-extractor.yml.
[2025-04-22 16:25:23] [DETAILS] resolve languages> Parsing D:\CodeQL\codeql-cli-2.20.4\java\codeql-extractor.yml.
[2025-04-22 16:25:23] [DETAILS] resolve languages> Parsing D:\CodeQL\codeql-cli-2.20.4\javascript\codeql-extractor.yml.
[2025-04-22 16:25:23] [DETAILS] resolve languages> Parsing D:\CodeQL\codeql-cli-2.20.4\properties\codeql-extractor.yml.
[2025-04-22 16:25:23] [DETAILS] resolve languages> Parsing D:\CodeQL\codeql-cli-2.20.4\python\codeql-extractor.yml.
[2025-04-22 16:25:23] [DETAILS] resolve languages> Parsing D:\CodeQL\codeql-cli-2.20.4\ruby\codeql-extractor.yml.
[2025-04-22 16:25:23] [DETAILS] resolve languages> Parsing D:\CodeQL\codeql-cli-2.20.4\swift\codeql-extractor.yml.
[2025-04-22 16:25:23] [DETAILS] resolve languages> Parsing D:\CodeQL\codeql-cli-2.20.4\xml\codeql-extractor.yml.
[2025-04-22 16:25:23] [DETAILS] resolve languages> Parsing D:\CodeQL\codeql-cli-2.20.4\yaml\codeql-extractor.yml.
[2025-04-22 16:25:23] Plumbing command codeql resolve languages completed:
                      {
                        "aliases" : {
                          "c" : "cpp",
                          "c++" : "cpp",
                          "c-c++" : "cpp",
                          "c-cpp" : "cpp",
                          "c#" : "csharp",
                          "java-kotlin" : "java",
                          "kotlin" : "java",
                          "javascript-typescript" : "javascript",
                          "typescript" : "javascript"
                        },
                        "extractors" : {
                          "actions" : [
                            {
                              "extractor_root" : "D:\\CodeQL\\codeql-cli-2.20.4\\actions",
                              "extractor_options" : { }
                            }
                          ],
                          "cpp" : [
                            {
                              "extractor_root" : "D:\\CodeQL\\codeql-cli-2.20.4\\cpp",
                              "extractor_options" : {
                                "scale_timeouts" : {
                                  "title" : "Value to scale compiler introspection timeouts with",
                                  "description" : "The extractor attempts to determine what compiler the source code being extracted is compiled with. To this end the extractor makes additional calls to the compiler, some of which are expected to return within a certain fixed time (either 10s or 15s). On some systems that are under high load this time might be too short, and can be scaled up using this option.\n",
                                  "type" : "string",
                                  "pattern" : "[0-9]+"
                                },
                                "log_verbosity" : {
                                  "title" : "Verbosity of the extractor logging",
                                  "description" : "Set the verbosity of the extractor logging to 'quiet' (0), 'normal' (1), 'chatty' (2), or 'noisy' (3). The default is 'normal'.\n",
                                  "type" : "string",
                                  "pattern" : "[0-3]"
                                }
                              }
                            }
                          ],
                          "csharp" : [
                            {
                              "extractor_root" : "D:\\CodeQL\\codeql-cli-2.20.4\\csharp",
                              "extractor_options" : {
                                "trap" : {
                                  "title" : "Options pertaining to TRAP.",
                                  "description" : "Options pertaining to TRAP.",
                                  "type" : "object",
                                  "properties" : {
                                    "compression" : {
                                      "title" : "Controls compression for the TRAP files written by the extractor.",
                                      "description" : "This option is only intended for use in debugging the extractor. Accepted values are 'brotli' (the default, to write brotli-compressed TRAP), 'gzip', and 'none' (to write uncompressed TRAP).\n",
                                      "type" : "string",
                                      "pattern" : "^(none|gzip|brotli)$"
                                    }
                                  }
                                },
                                "buildless" : {
                                  "title" : "DEPRECATED - Whether to use buildless (standalone) extraction.",
                                  "description" : "DEPRECATED: Use `--build-mode none` instead.\nA value indicating, which type of extraction the autobuilder should perform. If 'true', then the standalone extractor will be used, otherwise tracing extraction will be performed. The default is 'false'. Note that buildless extraction will generally yield less accurate analysis results, and should only be used in cases where it is not possible to build the code (for example if it uses inaccessible dependencies).\n",
                                  "type" : "string",
                                  "pattern" : "^(false|true)$"
                                },
                                "logging" : {
                                  "title" : "Options pertaining to logging.",
                                  "description" : "Options pertaining to logging.",
                                  "type" : "object",
                                  "properties" : {
                                    "verbosity" : {
                                      "title" : "Extractor logging verbosity level.",
                                      "description" : "Controls the level of verbosity of the extractor. The supported levels are (in order of increasing verbosity):\n  - off\n  - errors\n  - warnings\n  - info or progress\n  - debug or progress+\n  - trace or progress++\n  - progress+++\n",
                                      "type" : "string",
                                      "pattern" : "^(off|errors|warnings|(info|progress)|(debug|progress\\+)|(trace|progress\\+\\+)|progress\\+\\+\\+)$"
                                    }
                                  }
                                },
                                "binlog" : {
                                  "title" : "Binlog",
                                  "description" : "[EXPERIMENTAL] The value is a path to the MsBuild binary log file that should be extracted. This option only works when `--build-mode none` is also specified.\n",
                                  "type" : "array"
                                }
                              }
                            }
                          ],
                          "csv" : [
                            {
                              "extractor_root" : "D:\\CodeQL\\codeql-cli-2.20.4\\csv"
                            }
                          ],
                          "go" : [
                            {
                              "extractor_root" : "D:\\CodeQL\\codeql-cli-2.20.4\\go",
                              "extractor_options" : {
                                "extract_tests" : {
                                  "title" : "Whether to include Go test files in the CodeQL database.",
                                  "description" : "A value indicating whether Go test files should be included in the CodeQL database. The default is 'false'.\n",
                                  "type" : "string",
                                  "pattern" : "^(false|true)$"
                                },
                                "extract_vendor_dirs" : {
                                  "title" : "Whether to include Go vendor directories in the CodeQL database.",
                                  "description" : "A value indicating whether Go vendor directories should be included in the CodeQL database. The default is 'false'.\n",
                                  "type" : "string",
                                  "pattern" : "^(false|true)$"
                                }
                              }
                            }
                          ],
                          "html" : [
                            {
                              "extractor_root" : "D:\\CodeQL\\codeql-cli-2.20.4\\html"
                            }
                          ],
                          "java" : [
                            {
                              "extractor_root" : "D:\\CodeQL\\codeql-cli-2.20.4\\java",
                              "extractor_options" : {
                                "exclude" : {
                                  "title" : "A glob excluding files from analysis.",
                                  "description" : "A glob indicating what files to exclude from the analysis.\n",
                                  "type" : "string"
                                },
                                "add_prefer_source" : {
                                  "title" : "Whether to always prefer source files over class files.",
                                  "description" : "A value indicating whether source files should be preferred over class files. If set to 'true', the extraction adds '-Xprefer:source' to the javac command line. If set to 'false', the extraction uses the default javac behavior ('-Xprefer:newer'). The default is 'true'.\n",
                                  "type" : "string",
                                  "pattern" : "^(false|true)$"
                                },
                                "buildless" : {
                                  "title" : "Whether to use buildless (standalone) extraction (experimental).",
                                  "description" : "A value indicating, which type of extraction the autobuilder should perform. If 'true', then the standalone extractor will be used, otherwise tracing extraction will be performed. The default is 'false'. Note that buildless extraction will generally yield less accurate analysis results, and should only be used in cases where it is not possible to build the code (for example if it uses inaccessible dependencies).\n",
                                  "type" : "string",
                                  "pattern" : "^(false|true)$"
                                }
                              }
                            }
                          ],
                          "javascript" : [
                            {
                              "extractor_root" : "D:\\CodeQL\\codeql-cli-2.20.4\\javascript",
                              "extractor_options" : {
                                "skip_types" : {
                                  "title" : "Skip type extraction for TypeScript",
                                  "description" : "Whether to skip the extraction of types in a TypeScript application",
                                  "type" : "string",
                                  "pattern" : "^(false|true)$"
                                }
                              }
                            }
                          ],
                          "properties" : [
                            {
                              "extractor_root" : "D:\\CodeQL\\codeql-cli-2.20.4\\properties"
                            }
                          ],
                          "python" : [
                            {
                              "extractor_root" : "D:\\CodeQL\\codeql-cli-2.20.4\\python",
                              "extractor_options" : {
                                "logging" : {
                                  "title" : "Options pertaining to logging.",
                                  "description" : "Options pertaining to logging.",
                                  "type" : "object",
                                  "properties" : {
                                    "verbosity" : {
                                      "title" : "Python extractor logging verbosity level.",
                                      "description" : "Controls the level of verbosity of the CodeQL Python extractor.\nThe supported levels are (in order of increasing verbosity):\n\n  - off\n  - errors\n  - warnings\n  - info or progress\n  - debug or progress+\n  - trace or progress++\n  - progress+++\n",
                                      "type" : "string",
                                      "pattern" : "^(off|errors|warnings|(info|progress)|(debug|progress\\+)|(trace|progress\\+\\+)|progress\\+\\+\\+)$"
                                    }
                                  }
                                },
                                "python_executable_name" : {
                                  "title" : "Controls the name of the Python executable used by the Python extractor.",
                                  "description" : "The Python extractor uses platform-dependent heuristics to determine the name of the Python executable to use. Specifying a value for this option overrides the name of the Python executable used by the extractor. Accepted values are py, python and python3. Use this setting with caution, the Python extractor requires Python 3 to run.\n",
                                  "type" : "string",
                                  "pattern" : "^(py|python|python3)$"
                                }
                              }
                            }
                          ],
                          "ruby" : [
                            {
                              "extractor_root" : "D:\\CodeQL\\codeql-cli-2.20.4\\ruby",
                              "extractor_options" : {
                                "trap" : {
                                  "title" : "Options pertaining to TRAP.",
                                  "description" : "Options pertaining to TRAP.",
                                  "type" : "object",
                                  "properties" : {
                                    "compression" : {
                                      "title" : "Controls compression for the TRAP files written by the extractor.",
                                      "description" : "This option is only intended for use in debugging the extractor. Accepted values are 'gzip' (the default, to write gzip-compressed TRAP) and 'none' (to write uncompressed TRAP).\n",
                                      "type" : "string",
                                      "pattern" : "^(none|gzip)$"
                                    }
                                  }
                                }
                              }
                            }
                          ],
                          "swift" : [
                            {
                              "extractor_root" : "D:\\CodeQL\\codeql-cli-2.20.4\\swift"
                            }
                          ],
                          "xml" : [
                            {
                              "extractor_root" : "D:\\CodeQL\\codeql-cli-2.20.4\\xml"
                            }
                          ],
                          "yaml" : [
                            {
                              "extractor_root" : "D:\\CodeQL\\codeql-cli-2.20.4\\yaml"
                            }
                          ]
                        }
                      }
[2025-04-22 16:25:23] [PROGRESS] database init> Calculating baseline information in D:\BaiduSyncdisk\ctf-challenges\1diot9\java-challenges\AliyunCTF\24\attachment\chain_17\server\sources
[2025-04-22 16:25:23] [SPAMMY] database init> Ignoring the following directories when processing baseline information: .git, .hg, .svn.
[2025-04-22 16:25:23] [DETAILS] database init> Running command in D:\BaiduSyncdisk\ctf-challenges\1diot9\java-challenges\AliyunCTF\24\attachment\chain_17\server\sources: D:\CodeQL\codeql-cli-2.20.4\tools\win64\scc.exe --by-file --exclude-dir .git,.hg,.svn --format json --no-large --no-min .
[2025-04-22 16:25:24] [SPAMMY] database init> Found 9397 baseline files for java.
[2025-04-22 16:25:24] [PROGRESS] database init> Calculated baseline information for languages: java (767ms).
[2025-04-22 16:25:24] [PROGRESS] database init> Resolving extractor java.
[2025-04-22 16:25:24] [DETAILS] database init> Found candidate extractor root for java: D:\CodeQL\codeql-cli-2.20.4\java.
[2025-04-22 16:25:24] [PROGRESS] database init> Successfully loaded extractor Java/Kotlin (java) from D:\CodeQL\codeql-cli-2.20.4\java.
[2025-04-22 16:25:24] [PROGRESS] database init> Created skeleton CodeQL database at D:\BaiduSyncdisk\ctf-challenges\1diot9\java-challenges\AliyunCTF\24\attachment\chain_17\server\server. This in-progress database is ready to be populated by an extractor.
[2025-04-22 16:25:24] Plumbing command codeql database init completed.
[2025-04-22 16:25:24] [PROGRESS] database create> Running build command: []
[2025-04-22 16:25:24] Running plumbing command: codeql database trace-command --working-dir=D:\BaiduSyncdisk\ctf-challenges\1diot9\java-challenges\AliyunCTF\24\attachment\chain_17\server\sources --index-traceless-dbs --no-db-cluster -- D:\BaiduSyncdisk\ctf-challenges\1diot9\java-challenges\AliyunCTF\24\attachment\chain_17\server\server
[2025-04-22 16:25:24] Using autobuild script D:\CodeQL\codeql-cli-2.20.4\java\tools\autobuild.cmd.
[2025-04-22 16:25:24] [PROGRESS] database trace-command> Running command in D:\BaiduSyncdisk\ctf-challenges\1diot9\java-challenges\AliyunCTF\24\attachment\chain_17\server\sources: [D:\CodeQL\codeql-cli-2.20.4\java\tools\autobuild.cmd]
[2025-04-22 16:25:24] [build-stdout] [2025-04-22 16:25:24] Extracting Java with build-mode=none.
[2025-04-22 16:25:24] [build-stdout] [2025-04-22 16:25:24] No usable build tool found. Neither JDK version recommendation nor precise dependency recommendations will be available.
[2025-04-22 16:25:24] [build-stdout] [2025-04-22 16:25:24] Found no Java toolchains in a toolchains file, inspecting environment variables...
[2025-04-22 16:25:24] [build-stdout] [2025-04-22 16:25:24] No specific JDK inferred from the project being analysed; using the java on the PATH
[2025-04-22 16:25:25] [build-stdout] [2025-04-22 16:25:25] [autobuild] Scanning for files in D:\BaiduSyncdisk\ctf-challenges\1diot9\java-challenges\AliyunCTF\24\attachment\chain_17\server\sources...
[2025-04-22 16:25:25] [build-stdout] [2025-04-22 16:25:25] [autobuild] D:\BaiduSyncdisk\ctf-challenges\1diot9\java-challenges\AliyunCTF\24\attachment\chain_17\server\server: Indexing files in in D:\BaiduSyncdisk\ctf-challenges\1diot9\java-challenges\AliyunCTF\24\attachment\chain_17\server\sources...
[2025-04-22 16:25:26] [build-stdout] [2025-04-22 16:25:26] [autobuild] Running command in D:\BaiduSyncdisk\ctf-challenges\1diot9\java-challenges\AliyunCTF\24\attachment\chain_17\server\sources: [D:\CodeQL\codeql-cli-2.20.4\java\tools\index-files.cmd, D:\BaiduSyncdisk\ctf-challenges\1diot9\java-challenges\AliyunCTF\24\attachment\chain_17\server\server\working\files-to-index17960594792647747674.list]
